[0126/152856.768:ERROR:gpu_process_host.cc(992)] GPU process exited unexpectedly: exit_code=-2147483645
[0126/152856.768:WARNING:gpu_process_host.cc(1362)] The GPU process has crashed 1 time(s)
[0126/152856.940:WARNING:gpu_process_host.cc(1015)] Reinitialized the GPU process after a crash. The reported initialization time was 33 ms
[0126/152856.974:ERROR:gpu_process_host.cc(992)] GPU process exited unexpectedly: exit_code=-2147483645
[0126/152856.974:WARNING:gpu_process_host.cc(1362)] The GPU process has crashed 2 time(s)
[0126/152857.050:WARNING:gpu_process_host.cc(1015)] Reinitialized the GPU process after a crash. The reported initialization time was 27 ms
[0126/152857.050:ERROR:command_buffer_proxy_impl.cc(131)] ContextResult::kTransientFailure: Failed to send GpuControl.CreateCommandBuffer.
[0126/152857.050:ERROR:gpu_process_host.cc(992)] GPU process exited unexpectedly: exit_code=-2147483645
[0126/152857.050:WARNING:gpu_process_host.cc(1362)] The GPU process has crashed 3 time(s)
[0126/152857.159:WARNING:gpu_process_host.cc(1015)] Reinitialized the GPU process after a crash. The reported initialization time was 69 ms
[0126/152857.159:ERROR:command_buffer_proxy_impl.cc(131)] ContextResult::kTransientFailure: Failed to send GpuControl.CreateCommandBuffer.
[0126/152857.159:ERROR:command_buffer_proxy_impl.cc(131)] ContextResult::kTransientFailure: Failed to send GpuControl.CreateCommandBuffer.
[0126/152857.609:INFO:CONSOLE(423)] "Permissions policy violation: unload is not allowed in this document.", source: https://www.google.com/xjs/_/js/k=xjs.hd.en.deT8CnU2Gss.O/am=AAAAAAAAAAAAAAAAAAAAAAAgAAAAQAINhEMANkAAAAAAAySAAIAIRgCiEJAAYABEEPBQNgAAMAECS2ACSBF4JgEAQBNQBRAAAAAAAADBAFEAgQcEAACgAwBAAIUADEgQoAAEAAAAIA8AwQEwiCAAAAAAAAAAAACAABIE4YIEoCCAAAAAAAAAAAAAAEBKmqgwDA/d=1/ed=1/dg=2/br=1/rs=ACT90oHeMQPPTRkeI-3oQbXtjhZkpTNOxw/ee=AfeaP:TkrAjf;Afksuc:wMx0R;BMxAGc:E5bFse;BgS6mb:fidj5d;BjwMce:cXX2Wb;CxXAWb:YyRLvc;DULqB:RKfG5c;DpcR3d:zL72xf;EABSZ:MXZt9d;ESrPQc:mNTJvc;EVNhjf:pw70Gc;EmZ2Bf:zr1jrb;EnlcNd:WeHg4;Erl4fe:FloWmf,FloWmf;F9mqte:UoRcbe;Fmv9Nc:O1Tzwc;G0KhTb:LIaoZ;G6wU6e:hezEbd;GleZL:J1A7Od;HMDDWe:G8QUdb;IBADCc:RYquRb;IoGlCf:b5lhvb;IsdWVc:qzxzOb;JXS8fb:Qj0suc;JbMT3:M25sS;JsbNhc:Xd8iUd;KOxcK:OZqGte;KQzWid:ZMKkN;KcokUb:KiuZBf;KeeMUb:HiPxjc;KpRAue:Tia57b;LBgRLc:SdcwHb,XVMNvd;LEikZe:byfTOb,lsjVmc;LsNahb:ucGLNb;Me32dd:MEeYgc;NPKaK:SdcwHb;NSEoX:lazG7b;Np8Qkd:Dpx6qc;Nyt6ic:jn2sGd;OgagBe:cNTe0;Oj465e:KG2eXe,KG2eXe;OohIYe:mpEAQb;Pjplud:EEDORb,PoEs9b;Q1Ow7b:x5CSu;QGR0gd:Mlhmy;R4IIIb:QWfeKf;R9Ulx:CR7Ufe;RDNBlf:zPRCJb;SLtqO:Kh1xYe;SMDL4c:fTfGO,pnvXVc;SNUn3:ZwDk9d,x8cHvb;ShpF6e:N0pvGc;TxfV6d:YORN0b;U96pRd:FsR04;UDrY1c:eps46d;UVmjEd:EesRsb;UyG7Kb:wQd0G;V2HTTe:RolTY;VGRfx:VFqbr;VN6jIc:ddQyuf;VOcgDe:YquhTb;VsAqSb:PGf2Re;VxQ32b:k0XsBb;WCEKNd:I46Hvd;WDGyFe:jcVOxd;Wfmdue:g3MJlb;XUezZ:sa7lqb;YV5bee:IvPZ6d;ZWEUA:afR4Cf;a56pNe:JEfCwb;aAJE9c:WHW6Ef;aZ61od:arTwJ;bFZ6gf:RsDQqe;bcPXSc:gSZLJb;cEt90b:ws9Tlc;cFTWae:gT8qnd;coJ8e:KvoW8;dIoSBb:ZgGg9b;dLlj2:Qqt3Gf;daB6be:lMxGPd;dtl0hd:lLQWFe;eBAeSb:Ck63tb;eBZ5Nd:audvde;eHDfl:ofjVkb;eO3lse:nFClrf;fWLTFc:TVBJbf;g8nkx:U4MzKc;gaub4:TN6bMe;gtVSi:ekUOYd;h3MYod:cEt90b;hK67qb:QWEO5b;hLUtwc:KB8OKd;heHB1:sFczq;hjRo6e:F62sG;iFQyKf:QIhFr,vfuNJf;imqimf:jKGL2e;io8t5d:sgY6Zb;jY0zg:Q6tNgc;k2Qxcb:XY51pe;kCQyJ:ueyPK;kMFpHd:OTA3Ae;kbAm9d:MkHyGd;lkq0A:JyBE3e;nAFL3:NTMZac,s39S4;oGtAuc:sOXFj;oSUNyd:fTfGO,fTfGO,pnvXVc;oUlnpc:RagDlc;okUaUd:wItadb;pKJiXd:VCenhc;pNsl2d:j9Yuyc;pXdRYb:JKoKVe;pj82le:mg5CW;qZx2Fc:j0xrE;qaS3gd:yiLg6e;qavrXe:zQzcXe;qddgKe:d7YSfd,x4FYXe;rQSrae:C6D5Fc;sP4Vbe:VwDzFe;sTsDMc:kHVSUb;tH4IIe:Ymry6;tosKvd:ZCqP3;trZL0b:qY8PFe;uY49fb:COQbmf;uuQkY:u2V3ud;vGrMZ:lPJJ0c;vfVwPd:lcrkwe;w3bZCb:ZPGaIb;w4rSdf:XKiZ9;w9w86d:dt4g2b;wQlYve:aLUfP;wR5FRb:O1Gjze,TtcOte;wV5Pjc:L8KGxe;whEZac:F4AmNb;xBbsrc:NEW1Qc;yGxLoc:FmAr0c;yxTchf:KUM7Z;z97YGf:oug9te;zOsCQe:Ko78Df;zaIgPb:Qtpxbd/m=cdos,hsm,jsa,mb4ZUb,d,csi,cEt90b,SNUn3,qddgKe,sTsDMc,dtl0hd,eHDfl (423)
[0126/152904.121:ERROR:gles2_cmd_decoder_passthrough.cc(946)] ContextResult::kFatalFailure: fail_if_major_perf_caveat + swiftshader
[0126/152904.132:ERROR:gles2_cmd_decoder_passthrough.cc(946)] ContextResult::kFatalFailure: fail_if_major_perf_caveat + swiftshader
[0126/153007.358:WARNING:sqlite_persistent_store_backend_base.cc(197)] Failed to post task from FlushAndNotifyInBackground@net\extras\sqlite\sqlite_persistent_store_backend_base.cc:246 to client_task_runner_.
[0126/153007.358:WARNING:sqlite_persistent_store_backend_base.cc(197)] Failed to post task from FlushAndNotifyInBackground@net\extras\sqlite\sqlite_persistent_store_backend_base.cc:246 to client_task_runner_.
[0201/144344.616:ERROR:gpu_process_host.cc(992)] GPU process exited unexpectedly: exit_code=-2147483645
[0201/144344.616:WARNING:gpu_process_host.cc(1362)] The GPU process has crashed 1 time(s)
[0201/144344.693:WARNING:gpu_process_host.cc(1015)] Reinitialized the GPU process after a crash. The reported initialization time was 30 ms
[0201/144344.709:ERROR:gpu_process_host.cc(992)] GPU process exited unexpectedly: exit_code=-2147483645
[0201/144344.709:WARNING:gpu_process_host.cc(1362)] The GPU process has crashed 2 time(s)
[0201/144344.771:WARNING:gpu_process_host.cc(1015)] Reinitialized the GPU process after a crash. The reported initialization time was 21 ms
[0201/144344.787:ERROR:gpu_process_host.cc(992)] GPU process exited unexpectedly: exit_code=-2147483645
[0201/144344.787:WARNING:gpu_process_host.cc(1362)] The GPU process has crashed 3 time(s)
[0201/144344.896:WARNING:gpu_process_host.cc(1015)] Reinitialized the GPU process after a crash. The reported initialization time was 72 ms
[0201/144344.896:ERROR:command_buffer_proxy_impl.cc(131)] ContextResult::kTransientFailure: Failed to send GpuControl.CreateCommandBuffer.
[0201/144345.167:ERROR:interface_endpoint_client.cc(702)] Message 0 rejected by interface blink.mojom.WidgetHost
[0201/144345.670:INFO:CONSOLE(421)] "Permissions policy violation: unload is not allowed in this document.", source: https://www.google.com/xjs/_/js/k=xjs.hd.en.Xu1x5siTfG0.O/am=AAAAAAAAAAAAAAAAAAAAAAAgAAAAQAINhEMANkAAAAAAAyRAACCCMYAoBEgADIAIAh7KBgAAJiCwBCaAFIFnEgAANAFVAAEAAAAAAAgGiAEEHhAAAIAOAIAAigAMQBCgAAgAAABAHoDgAAYpCAAAAAAAAAAAACCABEG4IAEFAQQAAAAAAAAAAAAAUmmiwjA/d=1/ed=1/dg=2/br=1/rs=ACT90oFAXoTUP5s_Oprq_alxmLzD4OwMeg/ee=AfeaP:TkrAjf;Afksuc:wMx0R;BMxAGc:E5bFse;BgS6mb:fidj5d;BjwMce:cXX2Wb;CxXAWb:YyRLvc;DULqB:RKfG5c;DpcR3d:zL72xf;EABSZ:MXZt9d;ESrPQc:mNTJvc;EVNhjf:pw70Gc;EmZ2Bf:zr1jrb;EnlcNd:WeHg4;Erl4fe:FloWmf,FloWmf;F9mqte:UoRcbe;Fmv9Nc:O1Tzwc;G0KhTb:LIaoZ;G6wU6e:hezEbd;GleZL:J1A7Od;HMDDWe:G8QUdb;IBADCc:RYquRb;IoGlCf:b5lhvb;IsdWVc:qzxzOb;JXS8fb:Qj0suc;JbMT3:M25sS;JsbNhc:Xd8iUd;KOxcK:OZqGte;KQzWid:ZMKkN;KcokUb:KiuZBf;KeeMUb:HiPxjc;KpRAue:Tia57b;LBgRLc:XVMNvd;LEikZe:byfTOb,lsjVmc;LsNahb:ucGLNb;Me32dd:MEeYgc;NPKaK:PVlQOd;NSEoX:lazG7b;Np8Qkd:Dpx6qc;Nyt6ic:jn2sGd;OgagBe:cNTe0;Oj465e:KG2eXe,KG2eXe;OohIYe:mpEAQb;Pjplud:EEDORb,PoEs9b;Q1Ow7b:x5CSu;QGR0gd:Mlhmy;R4IIIb:QWfeKf;R9Ulx:CR7Ufe;RDNBlf:zPRCJb;SLtqO:Kh1xYe;SMDL4c:fTfGO,pnvXVc;SNUn3:ZwDk9d,x8cHvb;ShpF6e:N0pvGc;TxfV6d:YORN0b;U96pRd:FsR04;UDrY1c:eps46d;UVmjEd:EesRsb;UyG7Kb:wQd0G;V2HTTe:RolTY;VGRfx:VFqbr;VN6jIc:ddQyuf;VOcgDe:YquhTb;VsAqSb:PGf2Re;VxQ32b:k0XsBb;WCEKNd:I46Hvd;WDGyFe:jcVOxd;Wfmdue:g3MJlb;XUezZ:sa7lqb;YV5bee:IvPZ6d;ZMvdv:PHFPjb;ZWEUA:afR4Cf;a56pNe:JEfCwb;aAJE9c:WHW6Ef;aZ61od:arTwJ;bFZ6gf:RsDQqe;bcPXSc:gSZLJb;cEt90b:ws9Tlc;cFTWae:gT8qnd;coJ8e:KvoW8;dIoSBb:ZgGg9b;dLlj2:Qqt3Gf;daB6be:lMxGPd;dtl0hd:lLQWFe;eBAeSb:Ck63tb;eBZ5Nd:audvde;eHDfl:ofjVkb;eO3lse:nFClrf;fWLTFc:TVBJbf;g8nkx:U4MzKc;gaub4:TN6bMe;gtVSi:ekUOYd;h3MYod:cEt90b;hK67qb:QWEO5b;hLUtwc:KB8OKd;heHB1:sFczq;hjRo6e:F62sG;iFQyKf:QIhFr,vfuNJf;imqimf:jKGL2e;io8t5d:sgY6Zb;jY0zg:Q6tNgc;k2Qxcb:XY51pe;kCQyJ:ueyPK;kMFpHd:OTA3Ae;kbAm9d:MkHyGd;lkq0A:JyBE3e;nAFL3:NTMZac,s39S4;oGtAuc:sOXFj;oSUNyd:fTfGO,fTfGO,pnvXVc;oUlnpc:RagDlc;okUaUd:wItadb;pKJiXd:VCenhc;pNsl2d:j9Yuyc;pXdRYb:JKoKVe;pj82le:mg5CW;qZx2Fc:j0xrE;qaS3gd:yiLg6e;qavrXe:zQzcXe;qddgKe:d7YSfd,x4FYXe;rQSrae:C6D5Fc;sP4Vbe:VwDzFe;sTsDMc:kHVSUb;tH4IIe:Ymry6;tosKvd:ZCqP3;trZL0b:qY8PFe;uY49fb:COQbmf;uuQkY:u2V3ud;vGrMZ:lPJJ0c;vfVwPd:lcrkwe;w3bZCb:ZPGaIb;w4rSdf:XKiZ9;w9w86d:dt4g2b;wQlYve:aLUfP;wR5FRb:TtcOte;wV5Pjc:L8KGxe;whEZac:F4AmNb;xBbsrc:NEW1Qc;yGxLoc:FmAr0c;yxTchf:KUM7Z;z97YGf:oug9te;zOsCQe:Ko78Df;zaIgPb:Qtpxbd/m=cdos,hsm,jsa,mb4ZUb,d,csi,cEt90b,SNUn3,qddgKe,sTsDMc,dtl0hd,eHDfl (421)
[0203/163043.059:ERROR:gpu_process_host.cc(992)] GPU process exited unexpectedly: exit_code=-2147483645
[0203/163043.059:WARNING:gpu_process_host.cc(1362)] The GPU process has crashed 1 time(s)
[0203/163043.078:ERROR:command_buffer_proxy_impl.cc(131)] ContextResult::kTransientFailure: Failed to send GpuControl.CreateCommandBuffer.
[0203/163043.122:WARNING:gpu_process_host.cc(1015)] Reinitialized the GPU process after a crash. The reported initialization time was 27 ms
[0203/163043.138:ERROR:command_buffer_proxy_impl.cc(131)] ContextResult::kTransientFailure: Failed to send GpuControl.CreateCommandBuffer.
[0203/163043.138:ERROR:gpu_process_host.cc(992)] GPU process exited unexpectedly: exit_code=-2147483645
[0203/163043.138:WARNING:gpu_process_host.cc(1362)] The GPU process has crashed 2 time(s)
[0203/163043.200:WARNING:gpu_process_host.cc(1015)] Reinitialized the GPU process after a crash. The reported initialization time was 37 ms
[0203/163043.215:ERROR:gpu_process_host.cc(992)] GPU process exited unexpectedly: exit_code=-2147483645
[0203/163043.215:WARNING:gpu_process_host.cc(1362)] The GPU process has crashed 3 time(s)
[0203/163043.325:WARNING:gpu_process_host.cc(1015)] Reinitialized the GPU process after a crash. The reported initialization time was 60 ms
[0203/163043.330:ERROR:command_buffer_proxy_impl.cc(131)] ContextResult::kTransientFailure: Failed to send GpuControl.CreateCommandBuffer.
[0203/163043.469:INFO:CONSOLE(421)] "Permissions policy violation: unload is not allowed in this document.", source: https://www.google.com/xjs/_/js/k=xjs.hd.en.4-wbcMM-7bI.O/am=AAAAAAAAAAAAAAAAAAAAAAAgAAAAQAINhEMANkAAAAAwQAIEACIYA4hCgAiAARCCgIeyAQAATEBgCUwAKQQmAQBAE1AFEAAAAAAAgGCAGEDgAQEAAOgAgALAAAQBCoAAAAAA5AEIDmCQggAAAAAAAAAAAAACSBCECxIoCCAAAAAAAAAAAAAAkEoTFYYB/d=1/ed=1/dg=2/br=1/rs=ACT90oHKIv4QYyUhDr3siFwFRVdBT6dkHA/ee=AfeaP:TkrAjf;Afksuc:wMx0R;BMxAGc:E5bFse;BgS6mb:fidj5d;BjwMce:cXX2Wb;CxXAWb:YyRLvc;DULqB:RKfG5c;DpcR3d:zL72xf;EABSZ:MXZt9d;ESrPQc:mNTJvc;EVNhjf:pw70Gc;EmZ2Bf:zr1jrb;EnlcNd:WeHg4;Erl4fe:FloWmf,FloWmf;F9mqte:UoRcbe;Fmv9Nc:O1Tzwc;G0KhTb:LIaoZ;G6wU6e:hezEbd;GleZL:J1A7Od;HMDDWe:G8QUdb;IBADCc:RYquRb;IoGlCf:b5lhvb;IsdWVc:qzxzOb;JXS8fb:Qj0suc;JbMT3:M25sS;JsbNhc:Xd8iUd;KOxcK:OZqGte;KQzWid:ZMKkN;KcokUb:KiuZBf;KeeMUb:HiPxjc;KpRAue:Tia57b;LBgRLc:XVMNvd;LEikZe:byfTOb,lsjVmc;LsNahb:ucGLNb;Me32dd:MEeYgc;NPKaK:PVlQOd;NSEoX:lazG7b;Np8Qkd:Dpx6qc;Nyt6ic:jn2sGd;OgagBe:cNTe0;Oj465e:KG2eXe,KG2eXe;OohIYe:mpEAQb;Pjplud:EEDORb,PoEs9b;Q1Ow7b:x5CSu;QGR0gd:Mlhmy;R4IIIb:QWfeKf;R9Ulx:CR7Ufe;RDNBlf:zPRCJb;SLtqO:Kh1xYe;SMDL4c:fTfGO,pnvXVc;SNUn3:ZwDk9d,x8cHvb;ShpF6e:N0pvGc;TxfV6d:YORN0b;U96pRd:FsR04;UDrY1c:eps46d;UVmjEd:EesRsb;UyG7Kb:wQd0G;V2HTTe:RolTY;VGRfx:VFqbr;VN6jIc:ddQyuf;VOcgDe:YquhTb;VsAqSb:PGf2Re;VxQ32b:k0XsBb;WCEKNd:I46Hvd;WDGyFe:jcVOxd;Wfmdue:g3MJlb;XUezZ:sa7lqb;YV5bee:IvPZ6d;ZMvdv:PHFPjb;ZWEUA:afR4Cf;a56pNe:JEfCwb;aAJE9c:WHW6Ef;aZ61od:arTwJ;bFZ6gf:RsDQqe;bcPXSc:gSZLJb;cEt90b:ws9Tlc;cFTWae:gT8qnd;coJ8e:KvoW8;dIoSBb:ZgGg9b;dLlj2:Qqt3Gf;daB6be:lMxGPd;dtl0hd:lLQWFe;eBAeSb:Ck63tb;eBZ5Nd:audvde;eHDfl:ofjVkb;eO3lse:nFClrf;fWLTFc:TVBJbf;g8nkx:U4MzKc;gaub4:TN6bMe;gtVSi:ekUOYd;h3MYod:cEt90b;hK67qb:QWEO5b;hLUtwc:KB8OKd;heHB1:sFczq;hjRo6e:F62sG;iFQyKf:QIhFr,vfuNJf;imqimf:jKGL2e;io8t5d:sgY6Zb;jY0zg:Q6tNgc;k2Qxcb:XY51pe;kCQyJ:ueyPK;kMFpHd:OTA3Ae;kbAm9d:MkHyGd;lkq0A:JyBE3e;nAFL3:NTMZac,s39S4;oGtAuc:sOXFj;oSUNyd:fTfGO,fTfGO,pnvXVc;oUlnpc:RagDlc;okUaUd:wItadb;pKJiXd:VCenhc;pNsl2d:j9Yuyc;pXdRYb:JKoKVe;pj82le:mg5CW;qZx2Fc:j0xrE;qaS3gd:yiLg6e;qavrXe:zQzcXe;qddgKe:d7YSfd,x4FYXe;rQSrae:C6D5Fc;sP4Vbe:VwDzFe;sTsDMc:kHVSUb;tH4IIe:Ymry6;tosKvd:ZCqP3;trZL0b:qY8PFe;uY49fb:COQbmf;uuQkY:u2V3ud;vGrMZ:lPJJ0c;vfVwPd:lcrkwe;w3bZCb:ZPGaIb;w4rSdf:XKiZ9;w9w86d:dt4g2b;wQlYve:aLUfP;wR5FRb:TtcOte;wV5Pjc:L8KGxe;whEZac:F4AmNb;xBbsrc:NEW1Qc;yGxLoc:FmAr0c;yxTchf:KUM7Z;z97YGf:oug9te;zOsCQe:Ko78Df;zaIgPb:Qtpxbd/m=cdos,hsm,jsa,mb4ZUb,d,csi,cEt90b,SNUn3,qddgKe,sTsDMc,dtl0hd,eHDfl (421)
[0203/163048.895:WARNING:sqlite_persistent_store_backend_base.cc(197)] Failed to post task from FlushAndNotifyInBackground@net\extras\sqlite\sqlite_persistent_store_backend_base.cc:246 to client_task_runner_.
[0203/163048.895:WARNING:sqlite_persistent_store_backend_base.cc(197)] Failed to post task from FlushAndNotifyInBackground@net\extras\sqlite\sqlite_persistent_store_backend_base.cc:246 to client_task_runner_.
[0207/123535.212:ERROR:gpu_process_host.cc(992)] GPU process exited unexpectedly: exit_code=-2147483645
[0207/123535.212:WARNING:gpu_process_host.cc(1362)] The GPU process has crashed 1 time(s)
[0207/123535.275:WARNING:gpu_process_host.cc(1015)] Reinitialized the GPU process after a crash. The reported initialization time was 26 ms
[0207/123535.291:ERROR:gpu_process_host.cc(992)] GPU process exited unexpectedly: exit_code=-2147483645
[0207/123535.291:WARNING:gpu_process_host.cc(1362)] The GPU process has crashed 2 time(s)
[0207/123535.291:ERROR:command_buffer_proxy_impl.cc(131)] ContextResult::kTransientFailure: Failed to send GpuControl.CreateCommandBuffer.
[0207/123535.338:WARNING:gpu_process_host.cc(1015)] Reinitialized the GPU process after a crash. The reported initialization time was 27 ms
[0207/123535.354:ERROR:command_buffer_proxy_impl.cc(131)] ContextResult::kTransientFailure: Failed to send GpuControl.CreateCommandBuffer.
[0207/123535.354:ERROR:gpu_process_host.cc(992)] GPU process exited unexpectedly: exit_code=-2147483645
[0207/123535.354:WARNING:gpu_process_host.cc(1362)] The GPU process has crashed 3 time(s)
[0207/123535.463:WARNING:gpu_process_host.cc(1015)] Reinitialized the GPU process after a crash. The reported initialization time was 80 ms
[0207/123535.470:ERROR:command_buffer_proxy_impl.cc(131)] ContextResult::kTransientFailure: Failed to send GpuControl.CreateCommandBuffer.
[0207/123535.608:INFO:CONSOLE(421)] "Permissions policy violation: unload is not allowed in this document.", source: https://www.google.com/xjs/_/js/k=xjs.hd.en.EwKHZUL6au4.O/am=AAAAAAAAAAAAAAAAAAAAAAAgAAAAQAINhEMANkAAAAAwQAIEACIYA4hCABEAAyAEAQ9lAwAAMAGBJTABpBCYBAAATUAVQAAAAAAAAIIBYgCBBwQAAKADAAoAAxAEKAACAAAAkAcgOIBBCgIAAAAAAAAAAAAIICkQLkigIIAAAAAAAAAAAAAAQCpNVBgG/d=1/ed=1/dg=2/br=1/rs=ACT90oGyvMOoDRe0ZyU4zB7S9EIFVbigiQ/ee=AfeaP:TkrAjf;Afksuc:wMx0R;BMxAGc:E5bFse;BgS6mb:fidj5d;BjwMce:cXX2Wb;CxXAWb:YyRLvc;DULqB:RKfG5c;DpcR3d:zL72xf;EABSZ:MXZt9d;ESrPQc:mNTJvc;EVNhjf:pw70Gc;EmZ2Bf:zr1jrb;EnlcNd:WeHg4;Erl4fe:FloWmf,FloWmf;F9mqte:UoRcbe;Fmv9Nc:O1Tzwc;G0KhTb:LIaoZ;G6wU6e:hezEbd;GleZL:J1A7Od;HMDDWe:G8QUdb;IBADCc:RYquRb;IoGlCf:b5lhvb;IsdWVc:qzxzOb;JXS8fb:Qj0suc;JbMT3:M25sS;JsbNhc:Xd8iUd;KOxcK:OZqGte;KQzWid:ZMKkN;KcokUb:KiuZBf;KeeMUb:HiPxjc;KpRAue:Tia57b;LBgRLc:XVMNvd;LEikZe:byfTOb,lsjVmc;LsNahb:ucGLNb;Me32dd:MEeYgc;NPKaK:PVlQOd;NSEoX:lazG7b;Np8Qkd:Dpx6qc;Nyt6ic:jn2sGd;OgagBe:cNTe0;Oj465e:KG2eXe,KG2eXe;OohIYe:mpEAQb;Pjplud:EEDORb,PoEs9b;Q1Ow7b:x5CSu;QGR0gd:Mlhmy;R4IIIb:QWfeKf;R9Ulx:CR7Ufe;RDNBlf:zPRCJb;SLtqO:Kh1xYe;SMDL4c:fTfGO,pnvXVc;SNUn3:ZwDk9d,x8cHvb;ShpF6e:N0pvGc;TxfV6d:YORN0b;U96pRd:FsR04;UDrY1c:eps46d;UVmjEd:EesRsb;UyG7Kb:wQd0G;V2HTTe:RolTY;VGRfx:VFqbr;VN6jIc:ddQyuf;VOcgDe:YquhTb;VsAqSb:PGf2Re;VxQ32b:k0XsBb;WCEKNd:I46Hvd;WDGyFe:jcVOxd;Wfmdue:g3MJlb;XUezZ:sa7lqb;YV5bee:IvPZ6d;ZMvdv:PHFPjb;ZWEUA:afR4Cf;a56pNe:JEfCwb;aAJE9c:WHW6Ef;aZ61od:arTwJ;bFZ6gf:RsDQqe;bcPXSc:gSZLJb;cEt90b:ws9Tlc;cFTWae:gT8qnd;coJ8e:KvoW8;dIoSBb:ZgGg9b;dLlj2:Qqt3Gf;daB6be:lMxGPd;dtl0hd:lLQWFe;eBAeSb:Ck63tb;eBZ5Nd:audvde;eHDfl:ofjVkb;eO3lse:nFClrf;fWLTFc:TVBJbf;g8nkx:U4MzKc;gaub4:TN6bMe;gtVSi:ekUOYd;h3MYod:cEt90b;hK67qb:QWEO5b;hLUtwc:KB8OKd;heHB1:sFczq;hjRo6e:F62sG;iFQyKf:QIhFr,vfuNJf;imqimf:jKGL2e;io8t5d:sgY6Zb;jY0zg:Q6tNgc;k2Qxcb:XY51pe;kCQyJ:ueyPK;kMFpHd:OTA3Ae;kbAm9d:MkHyGd;lkq0A:JyBE3e;nAFL3:NTMZac,s39S4;oGtAuc:sOXFj;oSUNyd:fTfGO,fTfGO,pnvXVc;oUlnpc:RagDlc;okUaUd:wItadb;pKJiXd:VCenhc;pNsl2d:j9Yuyc;pXdRYb:JKoKVe;pj82le:mg5CW;qZx2Fc:j0xrE;qaS3gd:yiLg6e;qavrXe:zQzcXe;qddgKe:d7YSfd,x4FYXe;rQSrae:C6D5Fc;sP4Vbe:VwDzFe;sTsDMc:kHVSUb;tH4IIe:Ymry6;tosKvd:ZCqP3;trZL0b:qY8PFe;uY49fb:COQbmf;uuQkY:u2V3ud;vGrMZ:lPJJ0c;vfVwPd:lcrkwe;w3bZCb:ZPGaIb;w4rSdf:XKiZ9;w9w86d:dt4g2b;wQlYve:aLUfP;wR5FRb:TtcOte;wV5Pjc:L8KGxe;whEZac:F4AmNb;xBbsrc:NEW1Qc;yGxLoc:FmAr0c;yxTchf:KUM7Z;z97YGf:oug9te;zOsCQe:Ko78Df;zaIgPb:Qtpxbd/m=cdos,hsm,jsa,mb4ZUb,d,csi,cEt90b,SNUn3,qddgKe,sTsDMc,dtl0hd,eHDfl (421)
[0207/123539.320:ERROR:CONSOLE(1)] "Request Autofill.enable failed. {"code":-32601,"message":"'Autofill.enable' wasn't found"}", source: devtools://devtools/core/protocol_client/protocol_client.js (1)
[0208/092718.330:ERROR:gpu_process_host.cc(992)] GPU process exited unexpectedly: exit_code=-2147483645
[0208/092718.346:WARNING:gpu_process_host.cc(1362)] The GPU process has crashed 1 time(s)
[0208/092718.423:WARNING:gpu_process_host.cc(1015)] Reinitialized the GPU process after a crash. The reported initialization time was 39 ms
[0208/092718.423:ERROR:command_buffer_proxy_impl.cc(131)] ContextResult::kTransientFailure: Failed to send GpuControl.CreateCommandBuffer.
[0208/092718.423:ERROR:gpu_process_host.cc(992)] GPU process exited unexpectedly: exit_code=-2147483645
[0208/092718.423:WARNING:gpu_process_host.cc(1362)] The GPU process has crashed 2 time(s)
[0208/092718.454:WARNING:gpu_process_host.cc(1015)] Reinitialized the GPU process after a crash. The reported initialization time was 18 ms
[0208/092718.473:ERROR:command_buffer_proxy_impl.cc(131)] ContextResult::kTransientFailure: Failed to send GpuControl.CreateCommandBuffer.
[0208/092718.473:ERROR:gpu_process_host.cc(992)] GPU process exited unexpectedly: exit_code=-2147483645
[0208/092718.473:WARNING:gpu_process_host.cc(1362)] The GPU process has crashed 3 time(s)
[0208/092718.564:WARNING:gpu_process_host.cc(1015)] Reinitialized the GPU process after a crash. The reported initialization time was 63 ms
[0208/092718.570:ERROR:command_buffer_proxy_impl.cc(131)] ContextResult::kTransientFailure: Failed to send GpuControl.CreateCommandBuffer.
[0208/092718.571:ERROR:command_buffer_proxy_impl.cc(131)] ContextResult::kTransientFailure: Failed to send GpuControl.CreateCommandBuffer.
[0208/092718.662:INFO:CONSOLE(410)] "Permissions policy violation: unload is not allowed in this document.", source: https://www.google.com/xjs/_/js/k=xjs.hd.en.HVb3Hhad5dQ.O/am=AAAAAAAAAAAAAAAAAAAAAAAgAAAAQAINhEMANkAAAAAwQAIEACIYA4hCABEAAxCCgIeyAQCYgMASmABSCEwCAIAmoAogAAAAAAAAwQAxgMADAgAA0AGAAsAABAEKgAAAAADkAQgOYJCCAAAAAAAAAAAAAAJIEIQLEigIIAAAAAAAAAAAAACQShMVhgE/d=1/ed=1/dg=2/br=1/rs=ACT90oEzYziGVBf0VIFbCd3R4jNLlyqKug/ee=AfeaP:TkrAjf;Afksuc:wMx0R;BMxAGc:E5bFse;BgS6mb:fidj5d;BjwMce:cXX2Wb;CxXAWb:YyRLvc;DULqB:RKfG5c;DpcR3d:zL72xf;EABSZ:MXZt9d;ESrPQc:mNTJvc;EVNhjf:pw70Gc;EmZ2Bf:zr1jrb;EnlcNd:WeHg4;Erl4fe:FloWmf,FloWmf;F9mqte:UoRcbe;Fmv9Nc:O1Tzwc;G0KhTb:LIaoZ;G6wU6e:hezEbd;GleZL:J1A7Od;HMDDWe:G8QUdb;IBADCc:RYquRb;IoGlCf:b5lhvb;IsdWVc:qzxzOb;JXS8fb:Qj0suc;JbMT3:M25sS;JsbNhc:Xd8iUd;KOxcK:OZqGte;KQzWid:ZMKkN;KcokUb:KiuZBf;KeeMUb:HiPxjc;KpRAue:Tia57b;LBgRLc:XVMNvd;LEikZe:byfTOb,lsjVmc;LsNahb:ucGLNb;Me32dd:MEeYgc;NPKaK:PVlQOd;NSEoX:lazG7b;Np8Qkd:Dpx6qc;Nyt6ic:jn2sGd;OgagBe:cNTe0;Oj465e:KG2eXe,KG2eXe;OohIYe:mpEAQb;Pjplud:EEDORb,PoEs9b;Q1Ow7b:x5CSu;QGR0gd:Mlhmy;R4IIIb:QWfeKf;R9Ulx:CR7Ufe;RDNBlf:zPRCJb;SLtqO:Kh1xYe;SMDL4c:fTfGO,pnvXVc;SNUn3:ZwDk9d,x8cHvb;ShpF6e:N0pvGc;TxfV6d:YORN0b;U96pRd:FsR04;UDrY1c:eps46d;UVmjEd:EesRsb;UyG7Kb:wQd0G;V2HTTe:RolTY;VGRfx:VFqbr;VN6jIc:ddQyuf;VOcgDe:YquhTb;VsAqSb:PGf2Re;VxQ32b:k0XsBb;WCEKNd:I46Hvd;WDGyFe:jcVOxd;Wfmdue:g3MJlb;XUezZ:sa7lqb;YV5bee:IvPZ6d;ZMvdv:PHFPjb;ZWEUA:afR4Cf;a56pNe:JEfCwb;aAJE9c:WHW6Ef;aZ61od:arTwJ;bFZ6gf:RsDQqe;bcPXSc:gSZLJb;cEt90b:ws9Tlc;cFTWae:gT8qnd;coJ8e:KvoW8;dIoSBb:ZgGg9b;dLlj2:Qqt3Gf;daB6be:lMxGPd;dtl0hd:lLQWFe;eBAeSb:Ck63tb;eBZ5Nd:audvde;eHDfl:ofjVkb;eO3lse:nFClrf;fWLTFc:TVBJbf;g8nkx:U4MzKc;gaub4:TN6bMe;gtVSi:ekUOYd;h3MYod:cEt90b;hK67qb:QWEO5b;hLUtwc:KB8OKd;heHB1:sFczq;hjRo6e:F62sG;iFQyKf:QIhFr,vfuNJf;imqimf:jKGL2e;io8t5d:sgY6Zb;jY0zg:Q6tNgc;k2Qxcb:XY51pe;kCQyJ:ueyPK;kMFpHd:OTA3Ae;kbAm9d:MkHyGd;lkq0A:JyBE3e;nAFL3:NTMZac,s39S4;oGtAuc:sOXFj;oSUNyd:fTfGO,fTfGO,pnvXVc;oUlnpc:RagDlc;okUaUd:wItadb;pKJiXd:VCenhc;pNsl2d:j9Yuyc;pXdRYb:JKoKVe;pj82le:mg5CW;qZx2Fc:j0xrE;qaS3gd:yiLg6e;qavrXe:zQzcXe;qddgKe:d7YSfd,x4FYXe;rQSrae:C6D5Fc;sP4Vbe:VwDzFe;sTsDMc:kHVSUb;tH4IIe:Ymry6;tosKvd:ZCqP3;trZL0b:qY8PFe;uY49fb:COQbmf;uuQkY:u2V3ud;vGrMZ:lPJJ0c;vfVwPd:lcrkwe;w3bZCb:ZPGaIb;w4rSdf:XKiZ9;w9w86d:dt4g2b;wQlYve:aLUfP;wR5FRb:TtcOte;wV5Pjc:L8KGxe;whEZac:F4AmNb;xBbsrc:NEW1Qc;yGxLoc:FmAr0c;yxTchf:KUM7Z;z97YGf:oug9te;zOsCQe:Ko78Df;zaIgPb:Qtpxbd/m=cdos,hsm,jsa,mb4ZUb,d,csi,cEt90b,SNUn3,qddgKe,sTsDMc,dtl0hd,eHDfl (410)
[0208/092721.522:ERROR:interface_endpoint_client.cc(702)] Message 0 rejected by interface blink.mojom.WidgetHost
[0208/092721.747:ERROR:gles2_cmd_decoder_passthrough.cc(946)] ContextResult::kFatalFailure: fail_if_major_perf_caveat + swiftshader
[0208/092721.752:ERROR:gles2_cmd_decoder_passthrough.cc(946)] ContextResult::kFatalFailure: fail_if_major_perf_caveat + swiftshader
[0208/092806.223:WARNING:sqlite_persistent_store_backend_base.cc(197)] Failed to post task from FlushAndNotifyInBackground@net\extras\sqlite\sqlite_persistent_store_backend_base.cc:246 to client_task_runner_.
[0208/092806.223:WARNING:sqlite_persistent_store_backend_base.cc(197)] Failed to post task from FlushAndNotifyInBackground@net\extras\sqlite\sqlite_persistent_store_backend_base.cc:246 to client_task_runner_.
[0217/094212.103:ERROR:gpu_process_host.cc(992)] GPU process exited unexpectedly: exit_code=-2147483645
[0217/094212.103:WARNING:gpu_process_host.cc(1362)] The GPU process has crashed 1 time(s)
[0217/094212.151:WARNING:gpu_process_host.cc(1015)] Reinitialized the GPU process after a crash. The reported initialization time was 23 ms
[0217/094212.166:ERROR:command_buffer_proxy_impl.cc(131)] ContextResult::kTransientFailure: Failed to send GpuControl.CreateCommandBuffer.
[0217/094212.166:ERROR:gpu_process_host.cc(992)] GPU process exited unexpectedly: exit_code=-2147483645
[0217/094212.166:WARNING:gpu_process_host.cc(1362)] The GPU process has crashed 2 time(s)
[0217/094212.216:WARNING:gpu_process_host.cc(1015)] Reinitialized the GPU process after a crash. The reported initialization time was 20 ms
[0217/094212.216:ERROR:command_buffer_proxy_impl.cc(131)] ContextResult::kTransientFailure: Failed to send GpuControl.CreateCommandBuffer.
[0217/094212.226:ERROR:gpu_process_host.cc(992)] GPU process exited unexpectedly: exit_code=-2147483645
[0217/094212.226:WARNING:gpu_process_host.cc(1362)] The GPU process has crashed 3 time(s)
[0217/094212.306:WARNING:gpu_process_host.cc(1015)] Reinitialized the GPU process after a crash. The reported initialization time was 60 ms
[0217/094212.314:ERROR:command_buffer_proxy_impl.cc(131)] ContextResult::kTransientFailure: Failed to send GpuControl.CreateCommandBuffer.
[0217/094212.453:INFO:CONSOLE(407)] "Permissions policy violation: unload is not allowed in this document.", source: https://www.google.com/xjs/_/js/k=xjs.hd.en.Xjz3UAwUEWA.O/am=AAAAAAAAAAAAAAAAAAAAAABAAAAAgBBoIBwCsAECAAAAAwkgAAjBCiAKAUIAGIAgCPBQNiAAExBYAhNACoFJAABoAqgCCAAAAAAAQGCAGEDgAQEAgOgAgALAAIIAJUAAAAAA8gAEBxikIAAAAAAAAAAAAIAAJAjCBQkUBBAAAAAAAAAAAAAASKWJCsM/d=1/ed=1/dg=2/br=1/rs=ACT90oGRK1SkBm1xtjsvhMA4xUYY1mTKIw/ee=AfeaP:TkrAjf;Afksuc:wMx0R;BMxAGc:E5bFse;BgS6mb:fidj5d;BjwMce:cXX2Wb;CxXAWb:YyRLvc;DULqB:RKfG5c;Dkk6ge:wJqrrd;DpcR3d:zL72xf;EABSZ:MXZt9d;ESrPQc:mNTJvc;EVNhjf:pw70Gc;EmZ2Bf:zr1jrb;EnlcNd:WeHg4;Erl4fe:FloWmf,FloWmf;F9mqte:UoRcbe;Fmv9Nc:O1Tzwc;G0KhTb:LIaoZ;G6wU6e:hezEbd;GleZL:J1A7Od;HMDDWe:G8QUdb;HqeXPd:cmbnH;IBADCc:RYquRb;IoGlCf:b5lhvb;IsdWVc:qzxzOb;JXS8fb:Qj0suc;JbMT3:M25sS;JsbNhc:Xd8iUd;KOxcK:OZqGte;KQzWid:ZMKkN;KcokUb:KiuZBf;KeeMUb:HiPxjc;KpRAue:Tia57b;LBgRLc:XVMNvd;LEikZe:byfTOb,lsjVmc;LsNahb:ucGLNb;Me32dd:MEeYgc;NPKaK:PVlQOd;NSEoX:lazG7b;Np8Qkd:Dpx6qc;Nyt6ic:jn2sGd;OgagBe:cNTe0;Oj465e:KG2eXe,KG2eXe;OohIYe:mpEAQb;Pjplud:EEDORb,PoEs9b;Q1Ow7b:x5CSu;QGR0gd:Mlhmy;R4IIIb:QWfeKf;R9Ulx:CR7Ufe;RDNBlf:zPRCJb;SLtqO:Kh1xYe;SMDL4c:fTfGO,pnvXVc;SNUn3:ZwDk9d,x8cHvb;ShpF6e:N0pvGc;TxfV6d:YORN0b;U96pRd:FsR04;UDrY1c:eps46d;UVmjEd:EesRsb;UyG7Kb:wQd0G;V2HTTe:RolTY;VGRfx:VFqbr;VN6jIc:ddQyuf;VOcgDe:YquhTb;VsAqSb:PGf2Re;VxQ32b:k0XsBb;WCEKNd:I46Hvd;WDGyFe:jcVOxd;Wfmdue:g3MJlb;XUezZ:sa7lqb;YV5bee:IvPZ6d;ZMvdv:PHFPjb;ZWEUA:afR4Cf;a56pNe:JEfCwb;aAJE9c:WHW6Ef;aZ61od:arTwJ;bFZ6gf:RsDQqe;bcPXSc:gSZLJb;cEt90b:ws9Tlc;cFTWae:gT8qnd;coJ8e:KvoW8;dIoSBb:ZgGg9b;dLlj2:Qqt3Gf;daB6be:lMxGPd;dtl0hd:lLQWFe;eBAeSb:Ck63tb;eBZ5Nd:audvde;eHDfl:ofjVkb;eO3lse:nFClrf;fWLTFc:TVBJbf;g8nkx:U4MzKc;gaub4:TN6bMe;gtVSi:ekUOYd;h3MYod:cEt90b;hK67qb:QWEO5b;heHB1:sFczq;hjRo6e:F62sG;iFQyKf:QIhFr,vfuNJf;imqimf:jKGL2e;io8t5d:sgY6Zb;jY0zg:Q6tNgc;k2Qxcb:XY51pe;kCQyJ:ueyPK;kMFpHd:OTA3Ae;kbAm9d:MkHyGd;lkq0A:JyBE3e;nAFL3:NTMZac,s39S4;oGtAuc:sOXFj;oSUNyd:fTfGO,fTfGO,pnvXVc;oUlnpc:RagDlc;okUaUd:wItadb;pKJiXd:VCenhc;pNsl2d:j9Yuyc;pXdRYb:JKoKVe;pj82le:mg5CW;qZx2Fc:j0xrE;qaS3gd:yiLg6e;qavrXe:zQzcXe;qddgKe:d7YSfd,x4FYXe;rQSrae:C6D5Fc;sP4Vbe:VwDzFe;sTsDMc:kHVSUb;tH4IIe:Ymry6;tosKvd:ZCqP3;trZL0b:qY8PFe;uY49fb:COQbmf;uuQkY:u2V3ud;vGrMZ:lPJJ0c;vfVwPd:lcrkwe;w3bZCb:ZPGaIb;w4rSdf:XKiZ9;w9w86d:dt4g2b;wQlYve:aLUfP;wR5FRb:TtcOte;wV5Pjc:L8KGxe;whEZac:F4AmNb;xBbsrc:NEW1Qc;yGxLoc:FmAr0c;yxTchf:KUM7Z;z97YGf:oug9te;zOsCQe:Ko78Df;zaIgPb:Qtpxbd/m=cdos,hsm,jsa,mb4ZUb,d,csi,cEt90b,SNUn3,qddgKe,sTsDMc,dtl0hd,eHDfl (407)
[0217/094240.396:INFO:CONSOLE(407)] "Permissions policy violation: unload is not allowed in this document.", source: https://www.google.com/xjs/_/js/k=xjs.hd.en.Xjz3UAwUEWA.O/am=AAAAAAAAAAAAAAAAAAAAAABAAAAAgBBoIBwCsAECAAAAAwkgAAjBCiAKAUIAGIAgCPBQNiAAExBYAhNACoFJAABoAqgCCAAAAAAAQGCAGEDgAQEAgOgAgALAAIIAJUAAAAAA8gAEBxikIAAAAAAAAAAAAIAAJAjCBQkUBBAAAAAAAAAAAAAASKWJCsM/d=1/ed=1/dg=2/br=1/rs=ACT90oGRK1SkBm1xtjsvhMA4xUYY1mTKIw/ee=AfeaP:TkrAjf;Afksuc:wMx0R;BMxAGc:E5bFse;BgS6mb:fidj5d;BjwMce:cXX2Wb;CxXAWb:YyRLvc;DULqB:RKfG5c;Dkk6ge:wJqrrd;DpcR3d:zL72xf;EABSZ:MXZt9d;ESrPQc:mNTJvc;EVNhjf:pw70Gc;EmZ2Bf:zr1jrb;EnlcNd:WeHg4;Erl4fe:FloWmf,FloWmf;F9mqte:UoRcbe;Fmv9Nc:O1Tzwc;G0KhTb:LIaoZ;G6wU6e:hezEbd;GleZL:J1A7Od;HMDDWe:G8QUdb;HqeXPd:cmbnH;IBADCc:RYquRb;IoGlCf:b5lhvb;IsdWVc:qzxzOb;JXS8fb:Qj0suc;JbMT3:M25sS;JsbNhc:Xd8iUd;KOxcK:OZqGte;KQzWid:ZMKkN;KcokUb:KiuZBf;KeeMUb:HiPxjc;KpRAue:Tia57b;LBgRLc:XVMNvd;LEikZe:byfTOb,lsjVmc;LsNahb:ucGLNb;Me32dd:MEeYgc;NPKaK:PVlQOd;NSEoX:lazG7b;Np8Qkd:Dpx6qc;Nyt6ic:jn2sGd;OgagBe:cNTe0;Oj465e:KG2eXe,KG2eXe;OohIYe:mpEAQb;Pjplud:EEDORb,PoEs9b;Q1Ow7b:x5CSu;QGR0gd:Mlhmy;R4IIIb:QWfeKf;R9Ulx:CR7Ufe;RDNBlf:zPRCJb;SLtqO:Kh1xYe;SMDL4c:fTfGO,pnvXVc;SNUn3:ZwDk9d,x8cHvb;ShpF6e:N0pvGc;TxfV6d:YORN0b;U96pRd:FsR04;UDrY1c:eps46d;UVmjEd:EesRsb;UyG7Kb:wQd0G;V2HTTe:RolTY;VGRfx:VFqbr;VN6jIc:ddQyuf;VOcgDe:YquhTb;VsAqSb:PGf2Re;VxQ32b:k0XsBb;WCEKNd:I46Hvd;WDGyFe:jcVOxd;Wfmdue:g3MJlb;XUezZ:sa7lqb;YV5bee:IvPZ6d;ZMvdv:PHFPjb;ZWEUA:afR4Cf;a56pNe:JEfCwb;aAJE9c:WHW6Ef;aZ61od:arTwJ;bFZ6gf:RsDQqe;bcPXSc:gSZLJb;cEt90b:ws9Tlc;cFTWae:gT8qnd;coJ8e:KvoW8;dIoSBb:ZgGg9b;dLlj2:Qqt3Gf;daB6be:lMxGPd;dtl0hd:lLQWFe;eBAeSb:Ck63tb;eBZ5Nd:audvde;eHDfl:ofjVkb;eO3lse:nFClrf;fWLTFc:TVBJbf;g8nkx:U4MzKc;gaub4:TN6bMe;gtVSi:ekUOYd;h3MYod:cEt90b;hK67qb:QWEO5b;heHB1:sFczq;hjRo6e:F62sG;iFQyKf:QIhFr,vfuNJf;imqimf:jKGL2e;io8t5d:sgY6Zb;jY0zg:Q6tNgc;k2Qxcb:XY51pe;kCQyJ:ueyPK;kMFpHd:OTA3Ae;kbAm9d:MkHyGd;lkq0A:JyBE3e;nAFL3:NTMZac,s39S4;oGtAuc:sOXFj;oSUNyd:fTfGO,fTfGO,pnvXVc;oUlnpc:RagDlc;okUaUd:wItadb;pKJiXd:VCenhc;pNsl2d:j9Yuyc;pXdRYb:JKoKVe;pj82le:mg5CW;qZx2Fc:j0xrE;qaS3gd:yiLg6e;qavrXe:zQzcXe;qddgKe:d7YSfd,x4FYXe;rQSrae:C6D5Fc;sP4Vbe:VwDzFe;sTsDMc:kHVSUb;tH4IIe:Ymry6;tosKvd:ZCqP3;trZL0b:qY8PFe;uY49fb:COQbmf;uuQkY:u2V3ud;vGrMZ:lPJJ0c;vfVwPd:lcrkwe;w3bZCb:ZPGaIb;w4rSdf:XKiZ9;w9w86d:dt4g2b;wQlYve:aLUfP;wR5FRb:TtcOte;wV5Pjc:L8KGxe;whEZac:F4AmNb;xBbsrc:NEW1Qc;yGxLoc:FmAr0c;yxTchf:KUM7Z;z97YGf:oug9te;zOsCQe:Ko78Df;zaIgPb:Qtpxbd/m=cdos,hsm,jsa,mb4ZUb,d,csi,cEt90b,SNUn3,qddgKe,sTsDMc,dtl0hd,eHDfl (407)
[0217/094242.781:ERROR:gles2_cmd_decoder_passthrough.cc(946)] ContextResult::kFatalFailure: fail_if_major_perf_caveat + swiftshader
[0217/094242.783:ERROR:gles2_cmd_decoder_passthrough.cc(946)] ContextResult::kFatalFailure: fail_if_major_perf_caveat + swiftshader
[0217/094247.964:WARNING:sqlite_persistent_store_backend_base.cc(197)] Failed to post task from FlushAndNotifyInBackground@net\extras\sqlite\sqlite_persistent_store_backend_base.cc:246 to client_task_runner_.
[0217/094247.964:WARNING:sqlite_persistent_store_backend_base.cc(197)] Failed to post task from FlushAndNotifyInBackground@net\extras\sqlite\sqlite_persistent_store_backend_base.cc:246 to client_task_runner_.
[0220/184254.854:ERROR:gpu_process_host.cc(989)] GPU process exited unexpectedly: exit_code=-2147483645
[0220/184254.854:WARNING:gpu_process_host.cc(1360)] The GPU process has crashed 1 time(s)
[0220/184254.960:WARNING:gpu_process_host.cc(1011)] Reinitialized the GPU process after a crash. The reported initialization time was 17 ms
[0220/184254.976:ERROR:gpu_process_host.cc(989)] GPU process exited unexpectedly: exit_code=-2147483645
[0220/184254.976:WARNING:gpu_process_host.cc(1360)] The GPU process has crashed 2 time(s)
[0220/184255.053:WARNING:gpu_process_host.cc(1011)] Reinitialized the GPU process after a crash. The reported initialization time was 18 ms
[0220/184255.054:ERROR:gpu_process_host.cc(989)] GPU process exited unexpectedly: exit_code=-2147483645
[0220/184255.054:WARNING:gpu_process_host.cc(1360)] The GPU process has crashed 3 time(s)
[0220/184255.210:WARNING:gpu_process_host.cc(1011)] Reinitialized the GPU process after a crash. The reported initialization time was 130 ms
[0220/184256.017:ERROR:interface_endpoint_client.cc(707)] Message 0 rejected by interface blink.mojom.WidgetHost
[0220/184256.375:INFO:CONSOLE(407)] "Permissions policy violation: unload is not allowed in this document.", source: https://www.google.com/xjs/_/js/k=xjs.hd.en.Xjz3UAwUEWA.O/am=AAAAAAAAAAAAAAAAAAAAAABAAAAAgBBoIBwCsAECAAAAAwkgAAjBCiAKAUIAGIAgCPBQNgAAExBYAhNACoFJAABogqgCCAAAAAAAQGCAGEDgAQEAAOgAgALAAIIAJUAAAAAA8gAEBxikIAAAAAAAAAAAAIAAJAjCBQkUBBAAAAAAAAAAAAAASKWJCsM/d=1/ed=1/dg=2/br=1/rs=ACT90oEUIw5rqzX71MMAC5o5Aft4udMHtg/ee=AfeaP:TkrAjf;Afksuc:wMx0R;BMxAGc:E5bFse;BgS6mb:fidj5d;BjwMce:cXX2Wb;CxXAWb:YyRLvc;DULqB:RKfG5c;Dkk6ge:wJqrrd;DpcR3d:zL72xf;EABSZ:MXZt9d;ESrPQc:mNTJvc;EVNhjf:pw70Gc;EmZ2Bf:zr1jrb;EnlcNd:WeHg4;Erl4fe:FloWmf,FloWmf;F9mqte:UoRcbe;Fmv9Nc:O1Tzwc;G0KhTb:LIaoZ;G6wU6e:hezEbd;GleZL:J1A7Od;HMDDWe:G8QUdb;HqeXPd:cmbnH;IBADCc:RYquRb;IoGlCf:b5lhvb;IsdWVc:qzxzOb;JXS8fb:Qj0suc;JbMT3:M25sS;JsbNhc:Xd8iUd;KOxcK:OZqGte;KQzWid:ZMKkN;KcokUb:KiuZBf;KeeMUb:HiPxjc;KpRAue:Tia57b;LBgRLc:XVMNvd;LEikZe:byfTOb,lsjVmc;LsNahb:ucGLNb;Me32dd:MEeYgc;NPKaK:PVlQOd;NSEoX:lazG7b;Np8Qkd:Dpx6qc;Nyt6ic:jn2sGd;OgagBe:cNTe0;Oj465e:KG2eXe,KG2eXe;OohIYe:mpEAQb;Pjplud:EEDORb,PoEs9b;Q1Ow7b:x5CSu;QGR0gd:Mlhmy;R4IIIb:QWfeKf;R9Ulx:CR7Ufe;RDNBlf:zPRCJb;SLtqO:Kh1xYe;SMDL4c:fTfGO,pnvXVc;SNUn3:ZwDk9d,x8cHvb;ShpF6e:N0pvGc;TxfV6d:YORN0b;U96pRd:FsR04;UDrY1c:eps46d;UVmjEd:EesRsb;UyG7Kb:wQd0G;V2HTTe:RolTY;VGRfx:VFqbr;VN6jIc:ddQyuf;VOcgDe:YquhTb;VsAqSb:PGf2Re;VxQ32b:k0XsBb;WCEKNd:I46Hvd;WDGyFe:jcVOxd;Wfmdue:g3MJlb;XUezZ:sa7lqb;YV5bee:IvPZ6d;ZMvdv:PHFPjb;ZWEUA:afR4Cf;a56pNe:JEfCwb;aAJE9c:WHW6Ef;aZ61od:arTwJ;bFZ6gf:RsDQqe;bcPXSc:gSZLJb;cEt90b:ws9Tlc;cFTWae:gT8qnd;coJ8e:KvoW8;dIoSBb:ZgGg9b;dLlj2:Qqt3Gf;daB6be:lMxGPd;dtl0hd:lLQWFe;eBAeSb:Ck63tb;eBZ5Nd:audvde;eHDfl:ofjVkb;eO3lse:nFClrf;fWLTFc:TVBJbf;g8nkx:U4MzKc;gaub4:TN6bMe;gtVSi:ekUOYd;h3MYod:cEt90b;hK67qb:QWEO5b;heHB1:sFczq;hjRo6e:F62sG;iFQyKf:QIhFr,vfuNJf;imqimf:jKGL2e;io8t5d:sgY6Zb;jY0zg:Q6tNgc;k2Qxcb:XY51pe;kCQyJ:ueyPK;kMFpHd:OTA3Ae;kbAm9d:MkHyGd;lkq0A:JyBE3e;nAFL3:NTMZac,s39S4;oGtAuc:sOXFj;oSUNyd:fTfGO,fTfGO,pnvXVc;oUlnpc:RagDlc;okUaUd:wItadb;pKJiXd:VCenhc;pNsl2d:j9Yuyc;pXdRYb:JKoKVe;pj82le:mg5CW;qZx2Fc:j0xrE;qaS3gd:yiLg6e;qavrXe:zQzcXe;qddgKe:d7YSfd,x4FYXe;rQSrae:C6D5Fc;sP4Vbe:VwDzFe;sTsDMc:kHVSUb;tH4IIe:Ymry6;tosKvd:ZCqP3;trZL0b:qY8PFe;uY49fb:COQbmf;uuQkY:u2V3ud;vGrMZ:lPJJ0c;vfVwPd:lcrkwe;w3bZCb:ZPGaIb;w4rSdf:XKiZ9;w9w86d:dt4g2b;wQlYve:aLUfP;wR5FRb:TtcOte;wV5Pjc:L8KGxe;whEZac:F4AmNb;xBbsrc:NEW1Qc;yGxLoc:FmAr0c;yxTchf:KUM7Z;z97YGf:oug9te;zOsCQe:Ko78Df;zaIgPb:Qtpxbd/m=cdos,hsm,jsa,mb4ZUb,d,csi,cEt90b,SNUn3,qddgKe,sTsDMc,dtl0hd,eHDfl (407)
[0220/184305.701:WARNING:browser_info.cc(328)] Returning a speculative frame for [11,5]
[0220/184305.794:INFO:CONSOLE(0)] "Third-party cookie will be blocked. Learn more in the Issues tab.", source: https://www.youtube.com/ (0)
[0220/184305.916:WARNING:browser_info.cc(328)] Returning a speculative frame for [11,5]
[0220/184305.916:WARNING:browser_info.cc(328)] Returning a speculative frame for [11,5]
[0220/184305.916:WARNING:browser_info.cc(328)] Returning a speculative frame for [11,5]
[0220/184305.917:WARNING:browser_info.cc(328)] Returning a speculative frame for [11,5]
[0220/184306.062:INFO:CONSOLE(5138)] "LegacyDataMixin will be applied to all legacy elements.
Set `_legacyUndefinedCheck: true` on element class to enable.", source: https://www.youtube.com/s/desktop/09f82e1d/jsbin/desktop_polymer.vflset/desktop_polymer.js (5138)
[0220/184308.442:INFO:CONSOLE(0)] "Third-party cookie will be blocked. Learn more in the Issues tab.", source: https://www.youtube.com/ (0)
[0220/184308.889:INFO:CONSOLE(0)] "requestStorageAccessFor: Permission denied.", source: https://www.youtube.com/ (0)
[0220/184308.890:INFO:CONSOLE(0)] "requestStorageAccessFor: Permission denied.", source: https://www.youtube.com/ (0)
[0220/184308.890:INFO:CONSOLE(0)] "requestStorageAccessFor: Permission denied.", source: https://www.youtube.com/ (0)
[0220/184308.945:INFO:CONSOLE(0)] "Third-party cookie will be blocked. Learn more in the Issues tab.", source: https://www.youtube.com/ (0)
[0220/184309.198:WARNING:browser_info.cc(328)] Returning a speculative frame for [11,14]
[0220/184309.253:INFO:CONSOLE(0)] "Third-party cookie will be blocked. Learn more in the Issues tab.", source: https://www.youtube.com/ (0)
[0220/184309.372:WARNING:browser_info.cc(328)] Returning a speculative frame for [11,14]
[0220/184309.373:WARNING:browser_info.cc(328)] Returning a speculative frame for [11,14]
[0220/184309.373:WARNING:browser_info.cc(328)] Returning a speculative frame for [11,14]
[0220/184309.373:WARNING:browser_info.cc(328)] Returning a speculative frame for [11,14]
[0220/184309.659:INFO:CONSOLE(5142)] "LegacyDataMixin will be applied to all legacy elements.
Set `_legacyUndefinedCheck: true` on element class to enable.", source: https://www.youtube.com/s/desktop/87423d78/jsbin/desktop_polymer.vflset/desktop_polymer.js (5142)
[0220/184311.059:INFO:CONSOLE(0)] "Third-party cookie will be blocked. Learn more in the Issues tab.", source: https://www.youtube.com/ (0)
[0220/184311.416:INFO:CONSOLE(0)] "Third-party cookie will be blocked. Learn more in the Issues tab.", source: https://www.youtube.com/ (0)
[0220/184313.355:WARNING:browser_info.cc(328)] Returning a speculative frame for [12,7]
[0220/184313.360:WARNING:browser_info.cc(328)] Returning a speculative frame for [12,7]
[0220/184313.361:WARNING:browser_info.cc(328)] Returning a speculative frame for [12,7]
[0220/184313.361:WARNING:browser_info.cc(328)] Returning a speculative frame for [12,7]
[0220/184313.362:WARNING:browser_info.cc(328)] Returning a speculative frame for [12,7]
[0220/184313.942:INFO:CONSOLE(0)] "Third-party cookie will be blocked. Learn more in the Issues tab.", source: https://www.youtube.com/watch?v=B0qAKvjH2kg (0)
[0220/184314.471:INFO:CONSOLE(3044)] "LegacyDataMixin will be applied to all legacy elements.
Set `_legacyUndefinedCheck: true` on element class to enable.", source: https://www.youtube.com/s/desktop/87423d78/jsbin/live_chat_polymer.vflset/live_chat_polymer.js (3044)
[0220/184315.684:WARNING:sqlite_persistent_store_backend_base.cc(197)] Failed to post task from FlushAndNotifyInBackground@net\extras\sqlite\sqlite_persistent_store_backend_base.cc:246 to client_task_runner_.
[0220/184315.684:WARNING:sqlite_persistent_store_backend_base.cc(197)] Failed to post task from FlushAndNotifyInBackground@net\extras\sqlite\sqlite_persistent_store_backend_base.cc:246 to client_task_runner_.
